Using pre-set license
Built from '2020.2/release' branch; Version is '2020.2.0f1 (3721df5a8b28) revision 3613151'; Using compiler version '192528614'; Build Type 'Release'
OS: 'Windows 10  (10.0.0) 64bit' Language: 'en' Physical Memory: 8104 MB
BatchMode: 1, IsHumanControllingUs: 0, StartBugReporterOnCrash: 0, Is64bit: 1, IsPro: 0

 COMMAND LINE ARGUMENTS:
C:\Program Files\Unity\Hub\Editor\2020.2.0f1\Editor\Unity.exe
-adb2
-batchMode
-noUpm
-name
AssetImportWorker6
-projectPath
C:/Users/Rudra Verma/Desktop/Theme
-logFile
Logs/AssetImportWorker6.log
-srvPort
51436
Successfully changed project path to: C:/Users/Rudra Verma/Desktop/Theme
C:/Users/Rudra Verma/Desktop/Theme
Using Asset Import Pipeline V2.
Refreshing native plugins compatible for Editor in 75.33 ms, found 0 plugins.
Preloading 0 native plugins for Editor in 0.00 ms.
Initialize engine version: 2020.2.0f1 (3721df5a8b28)
[Subsystems] Discovering subsystems at path C:/Program Files/Unity/Hub/Editor/2020.2.0f1/Editor/Data/Resources/UnitySubsystems
[Subsystems] Discovering subsystems at path C:/Users/Rudra Verma/Desktop/Theme/Assets
GfxDevice: creating device client; threaded=0
Direct3D:
    Version:  Direct3D 11.0 [level 11.1]
    Renderer: Intel(R) HD Graphics 5500 (ID=0x1616)
    Vendor:   
    VRAM:     4052 MB
    Driver:   20.19.15.5063
Initialize mono
Mono path[0] = 'C:/Program Files/Unity/Hub/Editor/2020.2.0f1/Editor/Data/Managed'
Mono path[1] = 'C:/Program Files/Unity/Hub/Editor/2020.2.0f1/Editor/Data/MonoBleedingEdge/lib/mono/unityjit'
Mono config path = 'C:/Program Files/Unity/Hub/Editor/2020.2.0f1/Editor/Data/MonoBleedingEdge/etc'
Using monoOptions --debugger-agent=transport=dt_socket,embedding=1,server=y,suspend=n,address=127.0.0.1:56180
Begin MonoManager ReloadAssembly
Registering precompiled unity dll's ...
Register platform support module: C:/Program Files/Unity/Hub/Editor/2020.2.0f1/Editor/Data/PlaybackEngines/WebGLSupport/UnityEditor.WebGL.Extensions.dll
Register platform support module: C:/Program Files/Unity/Hub/Editor/2020.2.0f1/Editor/Data/PlaybackEngines/WindowsStandaloneSupport/UnityEditor.WindowsStandalone.Extensions.dll
Registered in 0.003191 seconds.
Native extension for WindowsStandalone target not found
Native extension for WebGL target not found
Refreshing native plugins compatible for Editor in 98.74 ms, found 0 plugins.
Preloading 0 native plugins for Editor in 0.00 ms.
Invoked RoslynAnalysisRunner static constructor.
RoslynAnalysisRunner will not be running.
RoslynAnalysisRunner has terminated.
Mono: successfully reloaded assembly
- Completed reload, in  4.374 seconds
Platform modules already initialized, skipping
Registering precompiled user dll's ...
Registered in 0.001234 seconds.
Begin MonoManager ReloadAssembly
Native extension for WindowsStandalone target not found
Native extension for WebGL target not found
Refreshing native plugins compatible for Editor in 0.38 ms, found 0 plugins.
Preloading 0 native plugins for Editor in 0.00 ms.
Invoked RoslynAnalysisRunner static constructor.
RoslynAnalysisRunner will not be running.
RoslynAnalysisRunner has terminated.
Mono: successfully reloaded assembly
- Completed reload, in  2.447 seconds
Platform modules already initialized, skipping
========================================================================
Worker process is ready to serve import requests
Launched and connected shader compiler UnityShaderCompiler.exe after 0.98 seconds
Refreshing native plugins compatible for Editor in 0.90 ms, found 0 plugins.
Preloading 0 native plugins for Editor in 0.00 ms.
Unloading 1124 Unused Serialized files (Serialized files now loaded: 0)
System memory in use before: 59.9 MB.
System memory in use after: 60.0 MB.

Unloading 8 unused Assets to reduce memory usage. Loaded Objects now: 1574.
Total: 11.382700 ms (FindLiveObjects: 0.450400 ms CreateObjectMapping: 2.344200 ms MarkObjects: 8.536200 ms  DeleteObjects: 0.048400 ms)

========================================================================
Received Import Request.
  path: Assets/Sprites/Characters/Character1/Idle_001.png
  artifactKey: Guid(552df1665fcfe4c9a98e9f8299234704) Importer(815301076,1909f56bfc062723c751e8b465ee728b)
Start importing Assets/Sprites/Characters/Character1/Idle_001.png using Guid(552df1665fcfe4c9a98e9f8299234704) Importer(815301076,1909f56bfc062723c751e8b465ee728b)  -> (artifact id: '8a6bad9b217eadd9d54818aff4762f18') in 1.015702 seconds
  Import took 1.038223 seconds .

========================================================================
Received Import Request.
  Time since last request: 0.000341 seconds.
  path: Assets/Sprites/Characters/Character1/Idle_000.png
  artifactKey: Guid(b018e04c900a247c6976e9283d3b98bc) Importer(815301076,1909f56bfc062723c751e8b465ee728b)
Start importing Assets/Sprites/Characters/Character1/Idle_000.png using Guid(b018e04c900a247c6976e9283d3b98bc) Importer(815301076,1909f56bfc062723c751e8b465ee728b)  -> (artifact id: 'bdbee39c8ba15c6cf1ec3e30b0088cd1') in 0.137353 seconds
  Import took 0.160138 seconds .

========================================================================
Received Prepare
Refreshing native plugins compatible for Editor in 1.28 ms, found 0 plugins.
Preloading 0 native plugins for Editor in 0.00 ms.
Unloading 2 Unused Serialized files (Serialized files now loaded: 0)
System memory in use before: 40.1 MB.
System memory in use after: 40.3 MB.

Unloading 2 unused Assets to reduce memory usage. Loaded Objects now: 1580.
Total: 4.278700 ms (FindLiveObjects: 0.392400 ms CreateObjectMapping: 0.102400 ms MarkObjects: 3.752900 ms  DeleteObjects: 0.027400 ms)

========================================================================
Received Prepare
Registering precompiled user dll's ...
Registered in 0.001457 seconds.
Begin MonoManager ReloadAssembly
Native extension for WindowsStandalone target not found
Native extension for WebGL target not found
Refreshing native plugins compatible for Editor in 0.31 ms, found 0 plugins.
Preloading 0 native plugins for Editor in 0.00 ms.
Invoked RoslynAnalysisRunner static constructor.
RoslynAnalysisRunner will not be running.
RoslynAnalysisRunner has terminated.
Mono: successfully reloaded assembly
- Completed reload, in  2.013 seconds
Platform modules already initialized, skipping
Refreshing native plugins compatible for Editor in 0.59 ms, found 0 plugins.
Preloading 0 native plugins for Editor in 0.00 ms.
Unloading 1107 Unused Serialized files (Serialized files now loaded: 0)
System memory in use before: 63.2 MB.
System memory in use after: 63.3 MB.

Unloading 4 unused Assets to reduce memory usage. Loaded Objects now: 1582.
Total: 6.520000 ms (FindLiveObjects: 2.299800 ms CreateObjectMapping: 0.100600 ms MarkObjects: 4.081000 ms  DeleteObjects: 0.034700 ms)

========================================================================
Received Prepare
Refreshing native plugins compatible for Editor in 1.67 ms, found 0 plugins.
Preloading 0 native plugins for Editor in 0.00 ms.
Unloading 2 Unused Serialized files (Serialized files now loaded: 0)
System memory in use before: 41.5 MB.
System memory in use after: 41.6 MB.

Unloading 2 unused Assets to reduce memory usage. Loaded Objects now: 1582.
Total: 8.678100 ms (FindLiveObjects: 0.419000 ms CreateObjectMapping: 0.212100 ms MarkObjects: 8.017800 ms  DeleteObjects: 0.026000 ms)

========================================================================
Received Prepare
Refreshing native plugins compatible for Editor in 1.78 ms, found 0 plugins.
Preloading 0 native plugins for Editor in 0.00 ms.
Unloading 2 Unused Serialized files (Serialized files now loaded: 0)
System memory in use before: 42.5 MB.
System memory in use after: 42.6 MB.

Unloading 2 unused Assets to reduce memory usage. Loaded Objects now: 1582.
Total: 6.910400 ms (FindLiveObjects: 0.326800 ms CreateObjectMapping: 0.093400 ms MarkObjects: 6.459100 ms  DeleteObjects: 0.027800 ms)

========================================================================
Received Prepare
Refreshing native plugins compatible for Editor in 2.33 ms, found 0 plugins.
Preloading 0 native plugins for Editor in 0.00 ms.
Unloading 2 Unused Serialized files (Serialized files now loaded: 0)
System memory in use before: 42.5 MB.
System memory in use after: 42.6 MB.

Unloading 2 unused Assets to reduce memory usage. Loaded Objects now: 1582.
Total: 7.076700 ms (FindLiveObjects: 0.423300 ms CreateObjectMapping: 0.158000 ms MarkObjects: 6.462600 ms  DeleteObjects: 0.028700 ms)

========================================================================
Received Prepare
Registering precompiled user dll's ...
Registered in 0.001127 seconds.
Begin MonoManager ReloadAssembly
Native extension for WindowsStandalone target not found
Native extension for WebGL target not found
Refreshing native plugins compatible for Editor in 0.38 ms, found 0 plugins.
Preloading 0 native plugins for Editor in 0.00 ms.
Invoked RoslynAnalysisRunner static constructor.
RoslynAnalysisRunner will not be running.
RoslynAnalysisRunner has terminated.
Mono: successfully reloaded assembly
- Completed reload, in  3.884 seconds
Platform modules already initialized, skipping
Refreshing native plugins compatible for Editor in 3.72 ms, found 0 plugins.
Preloading 0 native plugins for Editor in 0.00 ms.
Unloading 1108 Unused Serialized files (Serialized files now loaded: 0)
System memory in use before: 64.5 MB.
System memory in use after: 64.6 MB.

Unloading 4 unused Assets to reduce memory usage. Loaded Objects now: 1584.
Total: 3.988600 ms (FindLiveObjects: 0.377000 ms CreateObjectMapping: 0.110900 ms MarkObjects: 3.457600 ms  DeleteObjects: 0.039000 ms)

========================================================================
Received Prepare
Refreshing native plugins compatible for Editor in 4.04 ms, found 0 plugins.
Preloading 0 native plugins for Editor in 0.00 ms.
Unloading 5 Unused Serialized files (Serialized files now loaded: 0)
System memory in use before: 41.2 MB.
System memory in use after: 41.3 MB.

Unloading 2 unused Assets to reduce memory usage. Loaded Objects now: 1584.
Total: 11.955200 ms (FindLiveObjects: 1.395300 ms CreateObjectMapping: 0.215000 ms MarkObjects: 10.310500 ms  DeleteObjects: 0.031600 ms)

========================================================================
Received Import Request.
  Time since last request: 1869.150858 seconds.
  path: Assets/Sprites/UIP_Button_05_Pink.psd
  artifactKey: Guid(e776bc8d2c6f24cc38be908d2ed28c36) Importer(815301076,1909f56bfc062723c751e8b465ee728b)
Start importing Assets/Sprites/UIP_Button_05_Pink.psd using Guid(e776bc8d2c6f24cc38be908d2ed28c36) Importer(815301076,1909f56bfc062723c751e8b465ee728b)  -> (artifact id: '83b4a23d1c24bc36257f26ab9316302b') in 0.517061 seconds
  Import took 0.523139 seconds .

========================================================================
Received Import Request.
  Time since last request: 0.000495 seconds.
  path: Assets/Sprites/UIP_LevelLock.psd
  artifactKey: Guid(44275189624ef4d0fa4bf76176f0d0b0) Importer(815301076,1909f56bfc062723c751e8b465ee728b)
Start importing Assets/Sprites/UIP_LevelLock.psd using Guid(44275189624ef4d0fa4bf76176f0d0b0) Importer(815301076,1909f56bfc062723c751e8b465ee728b)  -> (artifact id: 'd05373f9fd19b8b9d7588db26c37414b') in 0.125842 seconds
  Import took 0.148724 seconds .

========================================================================
Received Import Request.
  Time since last request: 1.484434 seconds.
  path: Assets/Sprites/Popups/popup.PNG
  artifactKey: Guid(f8e8617c8efb97c43be1eeecb74e0cd5) Importer(815301076,1909f56bfc062723c751e8b465ee728b)
Start importing Assets/Sprites/Popups/popup.PNG using Guid(f8e8617c8efb97c43be1eeecb74e0cd5) Importer(815301076,1909f56bfc062723c751e8b465ee728b)  -> (artifact id: '9a06aa33dfd6ac21acdf65f32d548e39') in 0.093643 seconds
  Import took 0.097350 seconds .

========================================================================
Received Import Request.
  Time since last request: 0.000348 seconds.
  path: Assets/Sprites/Popups/rotating-lights.png
  artifactKey: Guid(82d9a162791740d4ea9f430321651386) Importer(815301076,1909f56bfc062723c751e8b465ee728b)
Start importing Assets/Sprites/Popups/rotating-lights.png using Guid(82d9a162791740d4ea9f430321651386) Importer(815301076,1909f56bfc062723c751e8b465ee728b)  -> (artifact id: 'a156b1937c9e8464fd615e9bd5c68c51') in 0.151973 seconds
  Import took 0.156000 seconds .

